<?xml version="1.0" encoding="UTF-8"?>
<testng-results ignored="0" total="1" passed="1" failed="0" skipped="0">
  <reporter-output>
    <line>
      <![CDATA[maven parameter executed]]>
    </line>
    <line>
      <![CDATA[https://demowebshop.tricentis.com/]]>
    </line>
  </reporter-output>
  <suite started-at="2023-11-22T18:53:39 IST" name="Surefire suite" finished-at="2023-11-22T18:53:48 IST" duration-ms="9414">
    <groups>
    </groups>
    <test started-at="2023-11-22T18:53:39 IST" name="Surefire test" finished-at="2023-11-22T18:53:48 IST" duration-ms="9414">
      <class name="extentReports.MavenParameterTest">
        <test-method signature="receiveData()[pri:0, instance:extentReports.MavenParameterTest@a3d8174]" started-at="2023-11-22T18:53:39 IST" name="receiveData" finished-at="2023-11-22T18:53:48 IST" duration-ms="9298" status="PASS">
          <reporter-output>
            <line>
              <![CDATA[maven parameter executed]]>
            </line>
            <line>
              <![CDATA[https://demowebshop.tricentis.com/]]>
            </line>
          </reporter-output>
        </test-method> <!-- receiveData -->
      </class> <!-- extentReports.MavenParameterTest -->
    </test> <!-- Surefire test -->
  </suite> <!-- Surefire suite -->
</testng-results>
